<?xml version="1.0" encoding="UTF-8"?>
<testng-results ignored="0" total="1" passed="1" failed="0" skipped="0">
  <reporter-output>
  </reporter-output>
  <suite started-at="2023-04-27T11:14:37 IST" name="Failed suite [Default suite]" finished-at="2023-04-27T11:14:46 IST" duration-ms="9407">
    <groups>
    </groups>
    <test started-at="2023-04-27T11:14:37 IST" name="Default test(failed)" finished-at="2023-04-27T11:14:46 IST" duration-ms="9407">
      <class name="testscript.Login_Script">
        <test-method is-config="true" signature="openApp()[pri:0, instance:testscript.Login_Script@702b8b12]" started-at="2023-04-27T11:14:37 IST" name="openApp" finished-at="2023-04-27T11:14:41 IST" duration-ms="4564" status="PASS">
          <reporter-output>
          </reporter-output>
        </test-method> <!-- openApp -->
        <test-method signature="test1()[pri:0, instance:testscript.Login_Script@702b8b12]" started-at="2023-04-27T11:14:41 IST" name="test1" finished-at="2023-04-27T11:14:45 IST" duration-ms="3736" status="PASS">
          <reporter-output>
          </reporter-output>
        </test-method> <!-- test1 -->
        <test-method is-config="true" signature="closeApp(org.testng.ITestResult)[pri:0, instance:testscript.Login_Script@702b8b12]" started-at="2023-04-27T11:14:45 IST" name="closeApp" finished-at="2023-04-27T11:14:46 IST" duration-ms="1056" status="PASS">
          <params>
            <param index="0">
              <value>
                <![CDATA[[TestResult name=test1 status=SUCCESS method=Login_Script.test1()[pri:0, instance:testscript.Login_Script@702b8b12] output={null}]]]>
              </value>
            </param>
          </params>
          <reporter-output>
          </reporter-output>
        </test-method> <!-- closeApp -->
      </class> <!-- testscript.Login_Script -->
    </test> <!-- Default test(failed) -->
  </suite> <!-- Failed suite [Default suite] -->
</testng-results>
